  Gestor.c
C:\Users\rafae\Documents\GitHub\21089_Projeto_EDA\21089_Projeto_EDA\21089_Projeto_EDA\Gestor.c(12,38): warning C4028: formal parameter 2 different from declaration
C:\Users\rafae\Documents\GitHub\21089_Projeto_EDA\21089_Projeto_EDA\21089_Projeto_EDA\Gestor.c(12,54): warning C4028: formal parameter 3 different from declaration
C:\Users\rafae\Documents\GitHub\21089_Projeto_EDA\21089_Projeto_EDA\21089_Projeto_EDA\Gestor.c(12,71): warning C4028: formal parameter 4 different from declaration
C:\Users\rafae\Documents\GitHub\21089_Projeto_EDA\21089_Projeto_EDA\21089_Projeto_EDA\Gestor.c(39,19): warning C4133: '=': incompatible types - from 'Clientes *' to 'Clientes *'
C:\Users\rafae\Documents\GitHub\21089_Projeto_EDA\21089_Projeto_EDA\21089_Projeto_EDA\Gestor.c(42,26): warning C4133: '=': incompatible types - from 'Clientes *' to 'Clientes *'
C:\Users\rafae\Documents\GitHub\21089_Projeto_EDA\21089_Projeto_EDA\21089_Projeto_EDA\Gestor.c(54,18): warning C4133: '=': incompatible types - from 'Clientes *' to 'Clientes *'
C:\Users\rafae\Documents\GitHub\21089_Projeto_EDA\21089_Projeto_EDA\21089_Projeto_EDA\Gestor.c(64,18): warning C4133: '=': incompatible types - from 'Clientes *' to 'Clientes *'
C:\Users\rafae\Documents\GitHub\21089_Projeto_EDA\21089_Projeto_EDA\21089_Projeto_EDA\Gestor.c(76,10): warning C4477: 'printf' : format string '%c' requires an argument of type 'int', but variadic argument 1 has type 'char *'
C:\Users\rafae\Documents\GitHub\21089_Projeto_EDA\21089_Projeto_EDA\21089_Projeto_EDA\Gestor.c(76,10): warning C4313: 'printf': '%c' in format string conflicts with argument 1 of type 'char *'
C:\Users\rafae\Documents\GitHub\21089_Projeto_EDA\21089_Projeto_EDA\21089_Projeto_EDA\Gestor.c(77,10): warning C4477: 'printf' : format string '%c' requires an argument of type 'int', but variadic argument 1 has type 'char *'
C:\Users\rafae\Documents\GitHub\21089_Projeto_EDA\21089_Projeto_EDA\21089_Projeto_EDA\Gestor.c(77,10): warning C4313: 'printf': '%c' in format string conflicts with argument 1 of type 'char *'
C:\Users\rafae\Documents\GitHub\21089_Projeto_EDA\21089_Projeto_EDA\21089_Projeto_EDA\Gestor.c(78,10): warning C4477: 'printf' : format string '%c' requires an argument of type 'int', but variadic argument 1 has type 'char *'
C:\Users\rafae\Documents\GitHub\21089_Projeto_EDA\21089_Projeto_EDA\21089_Projeto_EDA\Gestor.c(78,10): warning C4313: 'printf': '%c' in format string conflicts with argument 1 of type 'char *'
  Generating code
  2 of 9 functions (22.2%) were compiled, the rest were copied from previous compilation.
    0 functions were new in current compilation
    0 functions had inline decision re-evaluated but remain unchanged
  Finished generating code
  21089_Projeto_EDA.vcxproj -> C:\Users\rafae\Documents\GitHub\21089_Projeto_EDA\21089_Projeto_EDA\x64\Release\21089_Projeto_EDA.exe
